Start testing: Aug 11 14:16 -04
----------------------------------------------------------
1/9 Testing: Runs
1/9 Test: Runs
Command: "/home/josefelixrc/Documents/projects_bussines/cpwonline/2-Projects/Desktop_apps/tests/test_cmake/test5_test_unit/build/Tutorial" "25"
Directory: /home/josefelixrc/Documents/projects_bussines/cpwonline/2-Projects/Desktop_apps/tests/test_cmake/test5_test_unit/build
"Runs" start time: Aug 11 14:16 -04
Output:
----------------------------------------------------------
The square root of 25 is 5
<end of output>
Test time =   0.02 sec
----------------------------------------------------------
Test Passed.
"Runs" end time: Aug 11 14:16 -04
"Runs" time elapsed: 00:00:00
----------------------------------------------------------

2/9 Testing: Usage
2/9 Test: Usage
Command: "/home/josefelixrc/Documents/projects_bussines/cpwonline/2-Projects/Desktop_apps/tests/test_cmake/test5_test_unit/build/Tutorial"
Directory: /home/josefelixrc/Documents/projects_bussines/cpwonline/2-Projects/Desktop_apps/tests/test_cmake/test5_test_unit/build
"Usage" start time: Aug 11 14:16 -04
Output:
----------------------------------------------------------
/home/josefelixrc/Documents/projects_bussines/cpwonline/2-Projects/Desktop_apps/tests/test_cmake/test5_test_unit/build/Tutorial Version 1.0
Usage: /home/josefelixrc/Documents/projects_bussines/cpwonline/2-Projects/Desktop_apps/tests/test_cmake/test5_test_unit/build/Tutorial number
<end of output>
Test time =   0.01 sec
----------------------------------------------------------
Test Pass Reason:
Required regular expression found.Regex=[Usage:.*number
]
"Usage" end time: Aug 11 14:16 -04
"Usage" time elapsed: 00:00:00
----------------------------------------------------------

3/9 Testing: Comp4
3/9 Test: Comp4
Command: "/home/josefelixrc/Documents/projects_bussines/cpwonline/2-Projects/Desktop_apps/tests/test_cmake/test5_test_unit/build/Tutorial" "4"
Directory: /home/josefelixrc/Documents/projects_bussines/cpwonline/2-Projects/Desktop_apps/tests/test_cmake/test5_test_unit/build
"Comp4" start time: Aug 11 14:16 -04
Output:
----------------------------------------------------------
The square root of 4 is 2
<end of output>
Test time =   0.02 sec
----------------------------------------------------------
Test Pass Reason:
Required regular expression found.Regex=[4 is 2
]
"Comp4" end time: Aug 11 14:16 -04
"Comp4" time elapsed: 00:00:00
----------------------------------------------------------

4/9 Testing: Comp9
4/9 Test: Comp9
Command: "/home/josefelixrc/Documents/projects_bussines/cpwonline/2-Projects/Desktop_apps/tests/test_cmake/test5_test_unit/build/Tutorial" "9"
Directory: /home/josefelixrc/Documents/projects_bussines/cpwonline/2-Projects/Desktop_apps/tests/test_cmake/test5_test_unit/build
"Comp9" start time: Aug 11 14:16 -04
Output:
----------------------------------------------------------
The square root of 9 is 3
<end of output>
Test time =   0.01 sec
----------------------------------------------------------
Test Pass Reason:
Required regular expression found.Regex=[9 is 3
]
"Comp9" end time: Aug 11 14:16 -04
"Comp9" time elapsed: 00:00:00
----------------------------------------------------------

5/9 Testing: Comp5
5/9 Test: Comp5
Command: "/home/josefelixrc/Documents/projects_bussines/cpwonline/2-Projects/Desktop_apps/tests/test_cmake/test5_test_unit/build/Tutorial" "5"
Directory: /home/josefelixrc/Documents/projects_bussines/cpwonline/2-Projects/Desktop_apps/tests/test_cmake/test5_test_unit/build
"Comp5" start time: Aug 11 14:16 -04
Output:
----------------------------------------------------------
The square root of 5 is 2.23607
<end of output>
Test time =   0.01 sec
----------------------------------------------------------
Test Pass Reason:
Required regular expression found.Regex=[5 is 2.236
]
"Comp5" end time: Aug 11 14:16 -04
"Comp5" time elapsed: 00:00:00
----------------------------------------------------------

6/9 Testing: Comp7
6/9 Test: Comp7
Command: "/home/josefelixrc/Documents/projects_bussines/cpwonline/2-Projects/Desktop_apps/tests/test_cmake/test5_test_unit/build/Tutorial" "7"
Directory: /home/josefelixrc/Documents/projects_bussines/cpwonline/2-Projects/Desktop_apps/tests/test_cmake/test5_test_unit/build
"Comp7" start time: Aug 11 14:16 -04
Output:
----------------------------------------------------------
The square root of 7 is 2.64575
<end of output>
Test time =   0.01 sec
----------------------------------------------------------
Test Pass Reason:
Required regular expression found.Regex=[7 is 2.645
]
"Comp7" end time: Aug 11 14:16 -04
"Comp7" time elapsed: 00:00:00
----------------------------------------------------------

7/9 Testing: Comp25
7/9 Test: Comp25
Command: "/home/josefelixrc/Documents/projects_bussines/cpwonline/2-Projects/Desktop_apps/tests/test_cmake/test5_test_unit/build/Tutorial" "25"
Directory: /home/josefelixrc/Documents/projects_bussines/cpwonline/2-Projects/Desktop_apps/tests/test_cmake/test5_test_unit/build
"Comp25" start time: Aug 11 14:16 -04
Output:
----------------------------------------------------------
The square root of 25 is 5
<end of output>
Test time =   0.01 sec
----------------------------------------------------------
Test Pass Reason:
Required regular expression found.Regex=[25 is 5
]
"Comp25" end time: Aug 11 14:16 -04
"Comp25" time elapsed: 00:00:00
----------------------------------------------------------

8/9 Testing: Comp-25
8/9 Test: Comp-25
Command: "/home/josefelixrc/Documents/projects_bussines/cpwonline/2-Projects/Desktop_apps/tests/test_cmake/test5_test_unit/build/Tutorial" "-25"
Directory: /home/josefelixrc/Documents/projects_bussines/cpwonline/2-Projects/Desktop_apps/tests/test_cmake/test5_test_unit/build
"Comp-25" start time: Aug 11 14:16 -04
Output:
----------------------------------------------------------
The square root of -25 is -nan
<end of output>
Test time =   0.01 sec
----------------------------------------------------------
Test Pass Reason:
Required regular expression found.Regex=[-25 is [-nan|nan|0]
]
"Comp-25" end time: Aug 11 14:16 -04
"Comp-25" time elapsed: 00:00:00
----------------------------------------------------------

9/9 Testing: Comp0.0001
9/9 Test: Comp0.0001
Command: "/home/josefelixrc/Documents/projects_bussines/cpwonline/2-Projects/Desktop_apps/tests/test_cmake/test5_test_unit/build/Tutorial" "0.0001"
Directory: /home/josefelixrc/Documents/projects_bussines/cpwonline/2-Projects/Desktop_apps/tests/test_cmake/test5_test_unit/build
"Comp0.0001" start time: Aug 11 14:16 -04
Output:
----------------------------------------------------------
The square root of 0.0001 is 0.01
<end of output>
Test time =   0.01 sec
----------------------------------------------------------
Test Pass Reason:
Required regular expression found.Regex=[0.0001 is 0.01
]
"Comp0.0001" end time: Aug 11 14:16 -04
"Comp0.0001" time elapsed: 00:00:00
----------------------------------------------------------

End testing: Aug 11 14:16 -04
