Start testing: Aug 13 11:33 -04
----------------------------------------------------------
1/1 Testing: nombre_del_test
1/1 Test: nombre_del_test
Command: "/run/media/josefelixrc/b6c3fdac-55db-472f-b8f7-ca5613fd4123/josefelixrc/Documents/projects_bussines/cpwonline/2-Projects/Desktop_apps/tests/test_cmake/test6_cppunit/debug/tests/test_main"
Directory: /run/media/josefelixrc/b6c3fdac-55db-472f-b8f7-ca5613fd4123/josefelixrc/Documents/projects_bussines/cpwonline/2-Projects/Desktop_apps/tests/test_cmake/test6_cppunit/debug/tests
"nombre_del_test" start time: Aug 13 11:33 -04
Output:
----------------------------------------------------------
TestBasicMath::testAddition : OK
TestBasicMath::testMultiply : OK
OK (2)
<end of output>
Test time =   0.05 sec
----------------------------------------------------------
Test Passed.
"nombre_del_test" end time: Aug 13 11:33 -04
"nombre_del_test" time elapsed: 00:00:00
----------------------------------------------------------

End testing: Aug 13 11:33 -04
